<?xml version="1.0" encoding="UTF-8"?>
<!-- Generated by org.testng.reporters.JUnitXMLReporter -->
<testsuite ignored="3" hostname="BLASZLO-PC" failures="0" tests="1" name="Default test" time="1.796" errors="0" timestamp="2022-07-27T15:41:25 EEST">
  <testcase classname="tests.TestsExamples" name="test_3" time="1.724"/>
  <testcase classname="tests.TestsExamples" name="test_2" time="0.0">
    <ignored/>
  </testcase> <!-- test_2 -->
  <testcase classname="tests.TestsExamples" name="test_1" time="0.0">
    <ignored/>
  </testcase> <!-- test_1 -->
  <testcase classname="tests.TestsExamples" name="test_4" time="0.0">
    <ignored/>
  </testcase> <!-- test_4 -->
</testsuite> <!-- Default test -->
