<?xml version="1.0" encoding="UTF-8"?>
<testng-results ignored="3" total="4" passed="1" failed="0" skipped="0">
  <reporter-output>
  </reporter-output>
  <suite started-at="2022-07-27T15:41:23 EEST" name="Default suite" finished-at="2022-07-27T15:41:25 EEST" duration-ms="1796">
    <groups>
    </groups>
    <test started-at="2022-07-27T15:41:23 EEST" name="Default test" finished-at="2022-07-27T15:41:25 EEST" duration-ms="1796">
      <class name="tests.TestsExamples">
        <test-method signature="test_3()[pri:0, instance:tests.TestsExamples@1de5f259]" started-at="2022-07-27T15:41:23 EEST" name="test_3" finished-at="2022-07-27T15:41:25 EEST" duration-ms="1724" status="PASS">
          <reporter-output>
          </reporter-output>
        </test-method> <!-- test_3 -->
      </class> <!-- tests.TestsExamples -->
    </test> <!-- Default test -->
  </suite> <!-- Default suite -->
</testng-results>
